[11:08:58] [ServerMain/INFO]: Environment: authHost='https://authserver.mojang.com', accountsHost='https://api.mojang.com', sessionHost='https://sessionserver.mojang.com', servicesHost='https://api.minecraftservices.com', name='PROD'
[11:08:58] [ServerMain/WARN]: Couldn't get pack info for: net.minecraft.server.packs.ResourceNotFoundException: 'pack.mcmeta' in ResourcePack './world/datapacks/Vanilla.zip'
[11:08:59] [ServerMain/INFO]: Reloading ResourceManager: Default, vanilla.zip, bukkit
[11:08:59] [Worker-Main-4/INFO]: Loaded 7 recipes
[11:09:02] [Server thread/INFO]: Starting minecraft server version 1.18.1
[11:09:02] [Server thread/INFO]: Loading properties
[11:09:03] [Server thread/INFO]: This server is running CraftBukkit version 3368-Spigot-8965a50-2a2caa7 (MC: 1.18.1) (Implementing API version 1.18.1-R0.1-SNAPSHOT)
[11:09:03] [Server thread/INFO]: Server Ping Player Sample Count: 12
[11:09:03] [Server thread/INFO]: Using 4 threads for Netty based IO
[11:09:03] [Server thread/INFO]: Debug logging is disabled
[11:09:03] [Server thread/INFO]: Default game type: SURVIVAL
[11:09:03] [Server thread/INFO]: Generating keypair
[11:09:03] [Server thread/INFO]: Starting Minecraft server on *:25565
[11:09:03] [Server thread/INFO]: Using epoll channel type
[11:09:04] [Server thread/INFO]: [Skoice] Loading Skoice v2.0.2
[11:09:04] [Server thread/INFO]: Preparing level "world"
[11:09:05] [Server thread/INFO]: -------- World Settings For [world] --------
[11:09:05] [Server thread/INFO]: Experience Merge Radius: 3.0
[11:09:05] [Server thread/INFO]: Mob Spawn Range: 6
[11:09:05] [Server thread/INFO]: Cactus Growth Modifier: 100%
[11:09:05] [Server thread/INFO]: Cane Growth Modifier: 100%
[11:09:05] [Server thread/INFO]: Melon Growth Modifier: 100%
[11:09:05] [Server thread/INFO]: Mushroom Growth Modifier: 100%
[11:09:05] [Server thread/INFO]: Pumpkin Growth Modifier: 100%
[11:09:05] [Server thread/INFO]: Sapling Growth Modifier: 100%
[11:09:05] [Server thread/INFO]: Beetroot Growth Modifier: 100%
[11:09:05] [Server thread/INFO]: Carrot Growth Modifier: 100%
[11:09:05] [Server thread/INFO]: Potato Growth Modifier: 100%
[11:09:05] [Server thread/INFO]: Wheat Growth Modifier: 100%
[11:09:05] [Server thread/INFO]: NetherWart Growth Modifier: 100%
[11:09:05] [Server thread/INFO]: Vine Growth Modifier: 100%
[11:09:05] [Server thread/INFO]: Cocoa Growth Modifier: 100%
[11:09:05] [Server thread/INFO]: Bamboo Growth Modifier: 100%
[11:09:05] [Server thread/INFO]: SweetBerry Growth Modifier: 100%
[11:09:05] [Server thread/INFO]: Kelp Growth Modifier: 100%
[11:09:05] [Server thread/INFO]: Entity Activation Range: An 32 / Mo 32 / Ra 48 / Mi 16 / Tiv true
[11:09:05] [Server thread/INFO]: Entity Tracking Range: Pl 48 / An 48 / Mo 48 / Mi 32 / Other 64
[11:09:05] [Server thread/INFO]: Hopper Transfer: 8 Hopper Check: 1 Hopper Amount: 1
[11:09:05] [Server thread/INFO]: Custom Map Seeds:  Village: 10387312 Desert: 14357617 Igloo: 14357618 Jungle: 14357619 Swamp: 14357620 Monument: 10387313 Ocean: 14357621 Shipwreck: 165745295 End City: 10387313 Slime: 987234911 Bastion: 30084232 Fortress: 30084232 Mansion: 10387319 Fossil: 14357921 Portal: 34222645
[11:09:05] [Server thread/INFO]: Max TNT Explosions: 100
[11:09:05] [Server thread/INFO]: Tile Max Tick Time: 50ms Entity max Tick Time: 50ms
[11:09:05] [Server thread/INFO]: Allow Zombie Pigmen to spawn from portal blocks: true
[11:09:05] [Server thread/INFO]: View Distance: 10
[11:09:05] [Server thread/INFO]: Simulation Distance: 10
[11:09:05] [Server thread/INFO]: Item Despawn Rate: 6000
[11:09:05] [Server thread/INFO]: Item Merge Radius: 2.5
[11:09:05] [Server thread/INFO]: Arrow Despawn Rate: 1200 Trident Respawn Rate:1200
[11:09:05] [Server thread/INFO]: Zombie Aggressive Towards Villager: true
[11:09:05] [Server thread/INFO]: Nerfing mobs spawned from spawners: false
[11:09:05] [Server thread/INFO]: -------- World Settings For [world_nether] --------
[11:09:05] [Server thread/INFO]: Experience Merge Radius: 3.0
[11:09:05] [Server thread/INFO]: Mob Spawn Range: 6
[11:09:05] [Server thread/INFO]: Cactus Growth Modifier: 100%
[11:09:05] [Server thread/INFO]: Cane Growth Modifier: 100%
[11:09:05] [Server thread/INFO]: Melon Growth Modifier: 100%
[11:09:05] [Server thread/INFO]: Mushroom Growth Modifier: 100%
[11:09:05] [Server thread/INFO]: Pumpkin Growth Modifier: 100%
[11:09:05] [Server thread/INFO]: Sapling Growth Modifier: 100%
[11:09:05] [Server thread/INFO]: Beetroot Growth Modifier: 100%
[11:09:05] [Server thread/INFO]: Carrot Growth Modifier: 100%
[11:09:05] [Server thread/INFO]: Potato Growth Modifier: 100%
[11:09:05] [Server thread/INFO]: Wheat Growth Modifier: 100%
[11:09:05] [Server thread/INFO]: NetherWart Growth Modifier: 100%
[11:09:05] [Server thread/INFO]: Vine Growth Modifier: 100%
[11:09:05] [Server thread/INFO]: Cocoa Growth Modifier: 100%
[11:09:05] [Server thread/INFO]: Bamboo Growth Modifier: 100%
[11:09:05] [Server thread/INFO]: SweetBerry Growth Modifier: 100%
[11:09:05] [Server thread/INFO]: Kelp Growth Modifier: 100%
[11:09:05] [Server thread/INFO]: Entity Activation Range: An 32 / Mo 32 / Ra 48 / Mi 16 / Tiv true
[11:09:05] [Server thread/INFO]: Entity Tracking Range: Pl 48 / An 48 / Mo 48 / Mi 32 / Other 64
[11:09:05] [Server thread/INFO]: Hopper Transfer: 8 Hopper Check: 1 Hopper Amount: 1
[11:09:05] [Server thread/INFO]: Custom Map Seeds:  Village: 10387312 Desert: 14357617 Igloo: 14357618 Jungle: 14357619 Swamp: 14357620 Monument: 10387313 Ocean: 14357621 Shipwreck: 165745295 End City: 10387313 Slime: 987234911 Bastion: 30084232 Fortress: 30084232 Mansion: 10387319 Fossil: 14357921 Portal: 34222645
[11:09:05] [Server thread/INFO]: Max TNT Explosions: 100
[11:09:05] [Server thread/INFO]: Tile Max Tick Time: 50ms Entity max Tick Time: 50ms
[11:09:05] [Server thread/INFO]: Allow Zombie Pigmen to spawn from portal blocks: true
[11:09:05] [Server thread/INFO]: View Distance: 10
[11:09:05] [Server thread/INFO]: Simulation Distance: 10
[11:09:05] [Server thread/INFO]: Item Despawn Rate: 6000
[11:09:05] [Server thread/INFO]: Item Merge Radius: 2.5
[11:09:05] [Server thread/INFO]: Arrow Despawn Rate: 1200 Trident Respawn Rate:1200
[11:09:05] [Server thread/INFO]: Zombie Aggressive Towards Villager: true
[11:09:05] [Server thread/INFO]: Nerfing mobs spawned from spawners: false
[11:09:06] [Server thread/INFO]: -------- World Settings For [world_the_end] --------
[11:09:06] [Server thread/INFO]: Experience Merge Radius: 3.0
[11:09:06] [Server thread/INFO]: Mob Spawn Range: 6
[11:09:06] [Server thread/INFO]: Cactus Growth Modifier: 100%
[11:09:06] [Server thread/INFO]: Cane Growth Modifier: 100%
[11:09:06] [Server thread/INFO]: Melon Growth Modifier: 100%
[11:09:06] [Server thread/INFO]: Mushroom Growth Modifier: 100%
[11:09:06] [Server thread/INFO]: Pumpkin Growth Modifier: 100%
[11:09:06] [Server thread/INFO]: Sapling Growth Modifier: 100%
[11:09:06] [Server thread/INFO]: Beetroot Growth Modifier: 100%
[11:09:06] [Server thread/INFO]: Carrot Growth Modifier: 100%
[11:09:06] [Server thread/INFO]: Potato Growth Modifier: 100%
[11:09:06] [Server thread/INFO]: Wheat Growth Modifier: 100%
[11:09:06] [Server thread/INFO]: NetherWart Growth Modifier: 100%
[11:09:06] [Server thread/INFO]: Vine Growth Modifier: 100%
[11:09:06] [Server thread/INFO]: Cocoa Growth Modifier: 100%
[11:09:06] [Server thread/INFO]: Bamboo Growth Modifier: 100%
[11:09:06] [Server thread/INFO]: SweetBerry Growth Modifier: 100%
[11:09:06] [Server thread/INFO]: Kelp Growth Modifier: 100%
[11:09:06] [Server thread/INFO]: Entity Activation Range: An 32 / Mo 32 / Ra 48 / Mi 16 / Tiv true
[11:09:06] [Server thread/INFO]: Entity Tracking Range: Pl 48 / An 48 / Mo 48 / Mi 32 / Other 64
[11:09:06] [Server thread/INFO]: Hopper Transfer: 8 Hopper Check: 1 Hopper Amount: 1
[11:09:06] [Server thread/INFO]: Custom Map Seeds:  Village: 10387312 Desert: 14357617 Igloo: 14357618 Jungle: 14357619 Swamp: 14357620 Monument: 10387313 Ocean: 14357621 Shipwreck: 165745295 End City: 10387313 Slime: 987234911 Bastion: 30084232 Fortress: 30084232 Mansion: 10387319 Fossil: 14357921 Portal: 34222645
[11:09:06] [Server thread/INFO]: Max TNT Explosions: 100
[11:09:06] [Server thread/INFO]: Tile Max Tick Time: 50ms Entity max Tick Time: 50ms
[11:09:06] [Server thread/INFO]: Allow Zombie Pigmen to spawn from portal blocks: true
[11:09:06] [Server thread/INFO]: View Distance: 10
[11:09:06] [Server thread/INFO]: Simulation Distance: 10
[11:09:06] [Server thread/INFO]: Item Despawn Rate: 6000
[11:09:06] [Server thread/INFO]: Item Merge Radius: 2.5
[11:09:06] [Server thread/INFO]: Arrow Despawn Rate: 1200 Trident Respawn Rate:1200
[11:09:06] [Server thread/INFO]: Zombie Aggressive Towards Villager: true
[11:09:06] [Server thread/INFO]: Nerfing mobs spawned from spawners: false
[11:09:06] [Server thread/INFO]: Preparing start region for dimension minecraft:overworld
[11:09:07] [Worker-Main-6/INFO]: Preparing spawn area: 0%
[11:09:11] [Worker-Main-4/INFO]: Preparing spawn area: 0%
[11:09:11] [Worker-Main-5/INFO]: Preparing spawn area: 0%
[11:09:11] [Worker-Main-5/INFO]: Preparing spawn area: 0%
[11:09:11] [Worker-Main-5/INFO]: Preparing spawn area: 0%
[11:09:11] [Worker-Main-5/INFO]: Preparing spawn area: 0%
[11:09:11] [Worker-Main-5/INFO]: Preparing spawn area: 0%
[11:09:11] [Worker-Main-5/INFO]: Preparing spawn area: 0%
[11:09:11] [Worker-Main-5/INFO]: Preparing spawn area: 0%
[11:09:11] [Worker-Main-5/INFO]: Preparing spawn area: 0%
[11:09:11] [Worker-Main-5/INFO]: Preparing spawn area: 0%
[11:09:11] [Worker-Main-6/INFO]: Preparing spawn area: 0%
[11:09:12] [Worker-Main-6/INFO]: Preparing spawn area: 3%
[11:09:12] [Worker-Main-6/INFO]: Preparing spawn area: 5%
[11:09:13] [Worker-Main-4/INFO]: Preparing spawn area: 17%
[11:09:13] [Worker-Main-6/INFO]: Preparing spawn area: 27%
[11:09:14] [Worker-Main-4/INFO]: Preparing spawn area: 37%
[11:09:14] [Worker-Main-4/INFO]: Preparing spawn area: 52%
[11:09:15] [Worker-Main-4/INFO]: Preparing spawn area: 62%
[11:09:15] [Worker-Main-4/INFO]: Preparing spawn area: 72%
[11:09:16] [Worker-Main-4/INFO]: Preparing spawn area: 83%
[11:09:16] [Worker-Main-6/INFO]: Preparing spawn area: 83%
[11:09:17] [Worker-Main-6/INFO]: Preparing spawn area: 84%
[11:09:17] [Worker-Main-5/INFO]: Preparing spawn area: 86%
[11:09:18] [Worker-Main-6/INFO]: Preparing spawn area: 93%
[11:09:18] [Worker-Main-6/INFO]: Preparing spawn area: 95%
[11:09:19] [Server thread/INFO]: Time elapsed: 12989 ms
[11:09:19] [Server thread/INFO]: Preparing start region for dimension minecraft:the_nether
[11:09:20] [Worker-Main-5/INFO]: Preparing spawn area: 0%
[11:09:20] [Worker-Main-6/INFO]: Preparing spawn area: 0%
[11:09:20] [Worker-Main-4/INFO]: Preparing spawn area: 0%
[11:09:20] [Worker-Main-5/INFO]: Preparing spawn area: 0%
[11:09:21] [Worker-Main-4/INFO]: Preparing spawn area: 0%
[11:09:21] [Worker-Main-5/INFO]: Preparing spawn area: 0%
[11:09:22] [Worker-Main-5/INFO]: Preparing spawn area: 7%
[11:09:22] [Worker-Main-4/INFO]: Preparing spawn area: 15%
[11:09:23] [Worker-Main-6/INFO]: Preparing spawn area: 34%
[11:09:23] [Worker-Main-6/INFO]: Preparing spawn area: 57%
[11:09:24] [Worker-Main-5/INFO]: Preparing spawn area: 68%
[11:09:24] [Worker-Main-5/INFO]: Preparing spawn area: 70%
[11:09:25] [Worker-Main-4/INFO]: Preparing spawn area: 72%
[11:09:25] [Worker-Main-4/INFO]: Preparing spawn area: 73%
[11:09:26] [Worker-Main-4/INFO]: Preparing spawn area: 76%
[11:09:26] [Worker-Main-6/INFO]: Preparing spawn area: 78%
[11:09:27] [Worker-Main-5/INFO]: Preparing spawn area: 79%
[11:09:27] [Worker-Main-6/INFO]: Preparing spawn area: 80%
[11:09:28] [Worker-Main-5/INFO]: Preparing spawn area: 83%
[11:09:28] [Worker-Main-5/INFO]: Preparing spawn area: 83%
[11:09:29] [Worker-Main-5/INFO]: Preparing spawn area: 83%
[11:09:29] [Worker-Main-5/INFO]: Preparing spawn area: 84%
[11:09:30] [Worker-Main-6/INFO]: Preparing spawn area: 85%
[11:09:30] [Worker-Main-4/INFO]: Preparing spawn area: 87%
[11:09:31] [Worker-Main-4/INFO]: Preparing spawn area: 88%
[11:09:31] [Worker-Main-5/INFO]: Preparing spawn area: 89%
[11:09:32] [Worker-Main-4/INFO]: Preparing spawn area: 91%
[11:09:32] [Worker-Main-5/INFO]: Preparing spawn area: 93%
[11:09:33] [Worker-Main-4/INFO]: Preparing spawn area: 97%
[11:09:33] [Server thread/INFO]: Time elapsed: 14368 ms
[11:09:33] [Server thread/INFO]: Preparing start region for dimension minecraft:the_end
[11:09:34] [Worker-Main-4/INFO]: Preparing spawn area: 0%
[11:09:34] [Worker-Main-6/INFO]: Preparing spawn area: 0%
[11:09:34] [Worker-Main-5/INFO]: Preparing spawn area: 0%
[11:09:35] [Worker-Main-4/INFO]: Preparing spawn area: 0%
[11:09:35] [Worker-Main-4/INFO]: Preparing spawn area: 10%
[11:09:36] [Worker-Main-6/INFO]: Preparing spawn area: 24%
[11:09:36] [Worker-Main-4/INFO]: Preparing spawn area: 43%
[11:09:37] [Worker-Main-4/INFO]: Preparing spawn area: 63%
[11:09:37] [Worker-Main-6/INFO]: Preparing spawn area: 79%
[11:09:38] [Worker-Main-4/INFO]: Preparing spawn area: 90%
[11:09:38] [Server thread/INFO]: Time elapsed: 4792 ms
[11:09:38] [Server thread/INFO]: [Skoice] Enabling Skoice v2.0.2
[11:09:38] [Server thread/INFO]: [Skoice] Plugin enabled!
[11:09:38] [Server thread/ERROR]: [Skoice] §cNo bot token, edit the data.yml to add token
[11:09:38] [Server thread/INFO]: [Skoice] Plugin disabled!
[11:09:38] [Server thread/INFO]: Server permissions file permissions.yml is empty, ignoring it
[11:09:38] [Server thread/INFO]: Done (34.175s)! For help, type "help"
[11:09:40] [Server thread/INFO]: Unknown command. Type "/help" for help.[m
[11:09:42] [Server thread/INFO]: Unknown command. Type "/help" for help.[m
[11:09:44] [Server thread/INFO]: Plugins (1): [0;32;1mSkoice[m
[11:10:23] [Server thread/INFO]: Plugins (1): [0;32;1mSkoice[m
[11:17:33] [Server thread/INFO]: Stopping the server
[11:17:33] [Server thread/INFO]: Stopping server
[11:17:33] [Server thread/INFO]: [Skoice] Disabling Skoice v2.0.2
[11:17:33] [Server thread/INFO]: [Skoice] Plugin disabled!
[11:17:33] [Server thread/INFO]: Saving players
[11:17:33] [Server thread/INFO]: Saving worlds
[11:17:33] [Server thread/INFO]: Saving chunks for level 'ServerLevel[world]'/minecraft:overworld
[11:17:33] [Server thread/INFO]: Saving chunks for level 'ServerLevel[world_nether]'/minecraft:the_nether
[11:17:33] [Server thread/INFO]: Saving chunks for level 'ServerLevel[world_the_end]'/minecraft:the_end
[11:17:33] [Server thread/INFO]: ThreadedAnvilChunkStorage (world): All chunks are saved
[11:17:33] [Server thread/INFO]: ThreadedAnvilChunkStorage (DIM-1): All chunks are saved
[11:17:33] [Server thread/INFO]: ThreadedAnvilChunkStorage (DIM1): All chunks are saved
[11:17:33] [Server thread/INFO]: ThreadedAnvilChunkStorage: All dimensions are saved
